<?xml version="1.0" encoding="UTF-8"?>
<!-- Generated by org.testng.reporters.JUnitReportReporter -->
<testsuite skipped="0" hostname="DESKTOP-4DQJIIJ" name="Get_Request.Get_data_data" tests="3" failures="0" timestamp="16 May 2018 10:12:42 GMT" time="16.125" errors="0">
  <testcase name="Get_test_response" time="11.446" classname="Get_Request.Get_data_data"/>
  <testcase name="Get_Responsedata_live" time="3.031" classname="Get_Request.Get_data_data"/>
  <testcase name="Parse_JSON" time="1.648" classname="Get_Request.Get_data_data"/>
</testsuite> <!-- Get_Request.Get_data_data -->
