<?xml version="1.0" encoding="UTF-8"?>
<!-- Generated by org.testng.reporters.JUnitReportReporter -->
<testsuite skipped="0" hostname="DESKTOP-4DQJIIJ" name="Get_Request.Get_data" tests="3" failures="0" timestamp="06 Feb 2018 16:35:48 GMT" time="1.683" errors="0">
  <testcase name="Get_Responsedata" time="1.226" classname="Get_Request.Get_data"/>
  <testcase name="Get_test_response" time="0.019" classname="Get_Request.Get_data"/>
  <testcase name="Parse_JSON" time="0.438" classname="Get_Request.Get_data"/>
</testsuite> <!-- Get_Request.Get_data -->
