<?xml version="1.0" encoding="UTF-8"?>
<!-- Generated by org.testng.reporters.JUnitReportReporter -->
<testsuite skipped="0" hostname="DESKTOP-4DQJIIJ" name="Get_Request.Get_data_data" tests="3" failures="0" timestamp="16 May 2018 10:18:14 GMT" time="17.815" errors="0">
  <testcase name="Get_test_response" time="12.230" classname="Get_Request.Get_data_data"/>
  <testcase name="Parse_JSON" time="1.749" classname="Get_Request.Get_data_data"/>
  <testcase name="Get_Responsedata_live" time="3.836" classname="Get_Request.Get_data_data"/>
</testsuite> <!-- Get_Request.Get_data_data -->
